<?xml version="1.0" encoding="UTF-8"?>
<coverage generated="1532956927965" clover="3.2.0">
  <project timestamp="1532956927965" name="All files">
    <metrics statements="110" coveredstatements="110" conditionals="46" coveredconditionals="46" methods="15" coveredmethods="15" elements="171" coveredelements="171" complexity="0" loc="110" ncloc="110" packages="7" files="11" classes="11">
      <package name="src">
        <metrics statements="1" coveredstatements="1" conditionals="0" coveredconditionals="0" methods="0" coveredmethods="0"/>
        <file name="WidgetsWrapper.vue" path="D:\AllProjects\Bcreation\Lab\widget-resa\src\WidgetsWrapper.vue">
          <metrics statements="1" coveredstatements="1" conditionals="0" coveredconditionals="0" methods="0" coveredmethods="0"/>
          <line num="9" count="1" type="stmt"/>
        </file>
      </package>
      <package name="src.api">
        <metrics statements="1" coveredstatements="1" conditionals="0" coveredconditionals="0" methods="1" coveredmethods="1"/>
        <file name="APITicketing.js" path="D:\AllProjects\Bcreation\Lab\widget-resa\src\api\APITicketing.js">
          <metrics statements="1" coveredstatements="1" conditionals="0" coveredconditionals="0" methods="1" coveredmethods="1"/>
          <line num="4" count="3" type="stmt"/>
        </file>
      </package>
      <package name="src.assets.js">
        <metrics statements="33" coveredstatements="33" conditionals="0" coveredconditionals="0" methods="1" coveredmethods="1"/>
        <file name="widget-options.js" path="D:\AllProjects\Bcreation\Lab\widget-resa\src\assets\js\widget-options.js">
          <metrics statements="32" coveredstatements="32" conditionals="0" coveredconditionals="0" methods="1" coveredmethods="1"/>
          <line num="5" count="4" type="stmt"/>
          <line num="6" count="4" type="stmt"/>
          <line num="7" count="4" type="stmt"/>
          <line num="8" count="4" type="stmt"/>
          <line num="9" count="4" type="stmt"/>
          <line num="10" count="4" type="stmt"/>
          <line num="11" count="4" type="stmt"/>
          <line num="12" count="4" type="stmt"/>
          <line num="13" count="4" type="stmt"/>
          <line num="14" count="4" type="stmt"/>
          <line num="15" count="4" type="stmt"/>
          <line num="16" count="4" type="stmt"/>
          <line num="17" count="4" type="stmt"/>
          <line num="18" count="4" type="stmt"/>
          <line num="19" count="4" type="stmt"/>
          <line num="20" count="4" type="stmt"/>
          <line num="21" count="4" type="stmt"/>
          <line num="22" count="4" type="stmt"/>
          <line num="23" count="4" type="stmt"/>
          <line num="24" count="4" type="stmt"/>
          <line num="25" count="4" type="stmt"/>
          <line num="26" count="4" type="stmt"/>
          <line num="27" count="4" type="stmt"/>
          <line num="28" count="4" type="stmt"/>
          <line num="29" count="4" type="stmt"/>
          <line num="30" count="4" type="stmt"/>
          <line num="31" count="4" type="stmt"/>
          <line num="32" count="4" type="stmt"/>
          <line num="33" count="4" type="stmt"/>
          <line num="34" count="4" type="stmt"/>
          <line num="35" count="4" type="stmt"/>
          <line num="36" count="4" type="stmt"/>
        </file>
        <file name="widget-translation.js" path="D:\AllProjects\Bcreation\Lab\widget-resa\src\assets\js\widget-translation.js">
          <metrics statements="1" coveredstatements="1" conditionals="0" coveredconditionals="0" methods="0" coveredmethods="0"/>
          <line num="2" count="4" type="stmt"/>
        </file>
      </package>
      <package name="src.assets.js.override-options">
        <metrics statements="13" coveredstatements="13" conditionals="0" coveredconditionals="0" methods="0" coveredmethods="0"/>
        <file name="override-options.js" path="D:\AllProjects\Bcreation\Lab\widget-resa\src\assets\js\override-options\override-options.js">
          <metrics statements="11" coveredstatements="11" conditionals="0" coveredconditionals="0" methods="0" coveredmethods="0"/>
          <line num="5" count="4" type="stmt"/>
          <line num="12" count="4" type="stmt"/>
          <line num="14" count="4" type="stmt"/>
          <line num="16" count="4" type="stmt"/>
          <line num="18" count="4" type="stmt"/>
          <line num="20" count="4" type="stmt"/>
          <line num="22" count="4" type="stmt"/>
          <line num="25" count="4" type="stmt"/>
          <line num="28" count="4" type="stmt"/>
          <line num="32" count="4" type="stmt"/>
          <line num="34" count="4" type="stmt"/>
        </file>
        <file name="override-translation.js" path="D:\AllProjects\Bcreation\Lab\widget-resa\src\assets\js\override-options\override-translation.js">
          <metrics statements="2" coveredstatements="2" conditionals="0" coveredconditionals="0" methods="0" coveredmethods="0"/>
          <line num="5" count="4" type="stmt"/>
          <line num="24" count="4" type="stmt"/>
        </file>
      </package>
      <package name="src.components">
        <metrics statements="6" coveredstatements="6" conditionals="0" coveredconditionals="0" methods="4" coveredmethods="4"/>
        <file name="NavTabs.vue" path="D:\AllProjects\Bcreation\Lab\widget-resa\src\components\NavTabs.vue">
          <metrics statements="2" coveredstatements="2" conditionals="0" coveredconditionals="0" methods="2" coveredmethods="2"/>
          <line num="16" count="1" type="stmt"/>
          <line num="25" count="6" type="stmt"/>
        </file>
        <file name="WidgetComponent.vue" path="D:\AllProjects\Bcreation\Lab\widget-resa\src\components\WidgetComponent.vue">
          <metrics statements="4" coveredstatements="4" conditionals="0" coveredconditionals="0" methods="2" coveredmethods="2"/>
          <line num="13" count="2" type="stmt"/>
          <line num="14" count="2" type="stmt"/>
          <line num="24" count="1" type="stmt"/>
          <line num="37" count="1" type="stmt"/>
        </file>
      </package>
      <package name="src.components.widget-tabs">
        <metrics statements="22" coveredstatements="22" conditionals="6" coveredconditionals="6" methods="4" coveredmethods="4"/>
        <file name="TicketingTab.vue" path="D:\AllProjects\Bcreation\Lab\widget-resa\src\components\widget-tabs\TicketingTab.vue">
          <metrics statements="22" coveredstatements="22" conditionals="6" coveredconditionals="6" methods="4" coveredmethods="4"/>
          <line num="58" count="3" type="stmt"/>
          <line num="59" count="3" type="stmt"/>
          <line num="60" count="3" type="stmt"/>
          <line num="61" count="3" type="stmt"/>
          <line num="62" count="3" type="stmt"/>
          <line num="70" count="2" type="stmt"/>
          <line num="90" count="3" type="stmt"/>
          <line num="92" count="3" type="stmt"/>
          <line num="93" count="3" type="stmt"/>
          <line num="94" count="3" type="stmt"/>
          <line num="95" count="3" type="stmt"/>
          <line num="96" count="3" type="stmt"/>
          <line num="97" count="3" type="stmt"/>
          <line num="105" count="3" type="stmt"/>
          <line num="107" count="2" type="cond" truecount="4" falsecount="0"/>
          <line num="108" count="1" type="stmt"/>
          <line num="109" count="1" type="stmt"/>
          <line num="110" count="1" type="stmt"/>
          <line num="112" count="1" type="stmt"/>
          <line num="115" count="1" type="stmt"/>
          <line num="116" count="1" type="stmt"/>
          <line num="117" count="1" type="stmt"/>
        </file>
      </package>
      <package name="src.lib">
        <metrics statements="34" coveredstatements="34" conditionals="40" coveredconditionals="40" methods="5" coveredmethods="5"/>
        <file name="dateUtils.js" path="D:\AllProjects\Bcreation\Lab\widget-resa\src\lib\dateUtils.js">
          <metrics statements="16" coveredstatements="16" conditionals="16" coveredconditionals="16" methods="2" coveredmethods="2"/>
          <line num="7" count="8" type="cond" truecount="2" falsecount="0"/>
          <line num="8" count="1" type="stmt"/>
          <line num="10" count="8" type="stmt"/>
          <line num="11" count="8" type="cond" truecount="2" falsecount="0"/>
          <line num="12" count="8" type="cond" truecount="2" falsecount="0"/>
          <line num="14" count="8" type="stmt"/>
          <line num="23" count="2" type="cond" truecount="2" falsecount="0"/>
          <line num="24" count="1" type="stmt"/>
          <line num="26" count="2" type="cond" truecount="2" falsecount="0"/>
          <line num="27" count="1" type="stmt"/>
          <line num="29" count="2" type="stmt"/>
          <line num="30" count="2" type="cond" truecount="2" falsecount="0"/>
          <line num="31" count="2" type="cond" truecount="2" falsecount="0"/>
          <line num="33" count="2" type="cond" truecount="2" falsecount="0"/>
          <line num="34" count="1" type="stmt"/>
          <line num="36" count="1" type="stmt"/>
        </file>
        <file name="globalUtils.js" path="D:\AllProjects\Bcreation\Lab\widget-resa\src\lib\globalUtils.js">
          <metrics statements="18" coveredstatements="18" conditionals="24" coveredconditionals="24" methods="3" coveredmethods="3"/>
          <line num="7" count="21" type="cond" truecount="2" falsecount="0"/>
          <line num="8" count="12" type="cond" truecount="4" falsecount="0"/>
          <line num="9" count="2" type="cond" truecount="2" falsecount="0"/>
          <line num="11" count="11" type="cond" truecount="2" falsecount="0"/>
          <line num="12" count="2" type="cond" truecount="2" falsecount="0"/>
          <line num="14" count="10" type="cond" truecount="4" falsecount="0"/>
          <line num="15" count="8" type="cond" truecount="4" falsecount="0"/>
          <line num="18" count="14" type="stmt"/>
          <line num="27" count="2" type="cond" truecount="2" falsecount="0"/>
          <line num="28" count="1" type="stmt"/>
          <line num="30" count="2" type="stmt"/>
          <line num="41" count="6" type="stmt"/>
          <line num="42" count="5" type="stmt"/>
          <line num="43" count="29" type="cond" truecount="2" falsecount="0"/>
          <line num="44" count="1" type="stmt"/>
          <line num="47" count="5" type="stmt"/>
          <line num="48" count="5" type="stmt"/>
          <line num="50" count="1" type="stmt"/>
        </file>
      </package>
    </metrics>
  </project>
</coverage>
