{"D:\\AllProjects\\Bcreation\\Lab\\widget-resa\\src\\WidgetsWrapper.vue": {"path":"D:\\AllProjects\\Bcreation\\Lab\\widget-resa\\src\\WidgetsWrapper.vue","statementMap":{"0":{"start":{"line":9,"column":0},"end":{"line":null,"column":-1}}},"fnMap":{},"branchMap":{},"s":{"0":1},"f":{},"b":{}}
,"D:\\AllProjects\\Bcreation\\Lab\\widget-resa\\src\\api\\APITicketing.js": {"path":"D:\\AllProjects\\Bcreation\\Lab\\widget-resa\\src\\api\\APITicketing.js","statementMap":{"0":{"start":{"line":4,"column":2},"end":{"line":4,"column":72}}},"fnMap":{"0":{"name":"getAvailableTicketing","decl":{"start":{"line":3,"column":9},"end":{"line":3,"column":30}},"loc":{"start":{"line":3,"column":44},"end":{"line":5,"column":1}},"line":3}},"branchMap":{},"s":{"0":3},"f":{"0":3},"b":{},"_coverageSchema":"332fd63041d2c1bcb487cc26dd0d5f7d97098a6c","hash":"628e9a84f0e4e71c65d31d6f08e59e76da87e332"}
,"D:\\AllProjects\\Bcreation\\Lab\\widget-resa\\src\\assets\\js\\widget-options.js": {"path":"D:\\AllProjects\\Bcreation\\Lab\\widget-resa\\src\\assets\\js\\widget-options.js","statementMap":{"0":{"start":{"line":5,"column":4},"end":{"line":5,"column":27}},"1":{"start":{"line":6,"column":4},"end":{"line":6,"column":26}},"2":{"start":{"line":7,"column":4},"end":{"line":7,"column":28}},"3":{"start":{"line":8,"column":4},"end":{"line":8,"column":23}},"4":{"start":{"line":9,"column":4},"end":{"line":9,"column":27}},"5":{"start":{"line":10,"column":4},"end":{"line":10,"column":25}},"6":{"start":{"line":11,"column":4},"end":{"line":11,"column":29}},"7":{"start":{"line":12,"column":4},"end":{"line":12,"column":25}},"8":{"start":{"line":13,"column":4},"end":{"line":13,"column":27}},"9":{"start":{"line":14,"column":4},"end":{"line":14,"column":29}},"10":{"start":{"line":15,"column":4},"end":{"line":15,"column":25}},"11":{"start":{"line":16,"column":4},"end":{"line":16,"column":29}},"12":{"start":{"line":17,"column":4},"end":{"line":17,"column":30}},"13":{"start":{"line":18,"column":4},"end":{"line":18,"column":21}},"14":{"start":{"line":19,"column":4},"end":{"line":19,"column":22}},"15":{"start":{"line":20,"column":4},"end":{"line":20,"column":21}},"16":{"start":{"line":21,"column":4},"end":{"line":21,"column":22}},"17":{"start":{"line":22,"column":4},"end":{"line":22,"column":21}},"18":{"start":{"line":23,"column":4},"end":{"line":23,"column":22}},"19":{"start":{"line":24,"column":4},"end":{"line":24,"column":20}},"20":{"start":{"line":25,"column":4},"end":{"line":25,"column":21}},"21":{"start":{"line":26,"column":4},"end":{"line":26,"column":21}},"22":{"start":{"line":27,"column":4},"end":{"line":27,"column":19}},"23":{"start":{"line":28,"column":4},"end":{"line":28,"column":20}},"24":{"start":{"line":29,"column":4},"end":{"line":29,"column":23}},"25":{"start":{"line":30,"column":4},"end":{"line":30,"column":23}},"26":{"start":{"line":31,"column":4},"end":{"line":31,"column":25}},"27":{"start":{"line":32,"column":4},"end":{"line":32,"column":26}},"28":{"start":{"line":33,"column":4},"end":{"line":33,"column":23}},"29":{"start":{"line":34,"column":4},"end":{"line":34,"column":23}},"30":{"start":{"line":35,"column":4},"end":{"line":35,"column":25}},"31":{"start":{"line":36,"column":4},"end":{"line":36,"column":38}}},"fnMap":{"0":{"name":"(anonymous_0)","decl":{"start":{"line":4,"column":2},"end":{"line":4,"column":3}},"loc":{"start":{"line":4,"column":16},"end":{"line":37,"column":3}},"line":4}},"branchMap":{},"s":{"0":4,"1":4,"2":4,"3":4,"4":4,"5":4,"6":4,"7":4,"8":4,"9":4,"10":4,"11":4,"12":4,"13":4,"14":4,"15":4,"16":4,"17":4,"18":4,"19":4,"20":4,"21":4,"22":4,"23":4,"24":4,"25":4,"26":4,"27":4,"28":4,"29":4,"30":4,"31":4},"f":{"0":4},"b":{},"_coverageSchema":"332fd63041d2c1bcb487cc26dd0d5f7d97098a6c","hash":"2cd58e347b2b3d93cafe55d5e3d8bc539e355e00"}
,"D:\\AllProjects\\Bcreation\\Lab\\widget-resa\\src\\assets\\js\\widget-translation.js": {"path":"D:\\AllProjects\\Bcreation\\Lab\\widget-resa\\src\\assets\\js\\widget-translation.js","statementMap":{"0":{"start":{"line":2,"column":24},"end":{"line":21,"column":1}}},"fnMap":{},"branchMap":{},"s":{"0":4},"f":{},"b":{},"_coverageSchema":"332fd63041d2c1bcb487cc26dd0d5f7d97098a6c","hash":"04e3fe394f9fbf43483f4228339ba7ddfef56cc9"}
,"D:\\AllProjects\\Bcreation\\Lab\\widget-resa\\src\\assets\\js\\override-options\\override-options.js": {"path":"D:\\AllProjects\\Bcreation\\Lab\\widget-resa\\src\\assets\\js\\override-options\\override-options.js","statementMap":{"0":{"start":{"line":5,"column":22},"end":{"line":5,"column":42}},"1":{"start":{"line":12,"column":0},"end":{"line":12,"column":45}},"2":{"start":{"line":14,"column":0},"end":{"line":14,"column":52}},"3":{"start":{"line":16,"column":0},"end":{"line":16,"column":59}},"4":{"start":{"line":18,"column":0},"end":{"line":18,"column":45}},"5":{"start":{"line":20,"column":0},"end":{"line":20,"column":80}},"6":{"start":{"line":22,"column":0},"end":{"line":23,"column":58}},"7":{"start":{"line":25,"column":0},"end":{"line":26,"column":62}},"8":{"start":{"line":28,"column":0},"end":{"line":29,"column":64}},"9":{"start":{"line":32,"column":0},"end":{"line":32,"column":48}},"10":{"start":{"line":34,"column":0},"end":{"line":34,"column":47}}},"fnMap":{},"branchMap":{},"s":{"0":4,"1":4,"2":4,"3":4,"4":4,"5":4,"6":4,"7":4,"8":4,"9":4,"10":4},"f":{},"b":{},"_coverageSchema":"332fd63041d2c1bcb487cc26dd0d5f7d97098a6c","hash":"9e5dfa8604aa82d97ca0050d31de2bda0857b4fe"}
,"D:\\AllProjects\\Bcreation\\Lab\\widget-resa\\src\\assets\\js\\override-options\\override-translation.js": {"path":"D:\\AllProjects\\Bcreation\\Lab\\widget-resa\\src\\assets\\js\\override-options\\override-translation.js","statementMap":{"0":{"start":{"line":5,"column":24},"end":{"line":22,"column":1}},"1":{"start":{"line":24,"column":0},"end":{"line":24,"column":50}}},"fnMap":{},"branchMap":{},"s":{"0":4,"1":4},"f":{},"b":{},"_coverageSchema":"332fd63041d2c1bcb487cc26dd0d5f7d97098a6c","hash":"46d6b7b31af5a8d8d87098b3177bf8fb23c1fb5c"}
,"D:\\AllProjects\\Bcreation\\Lab\\widget-resa\\src\\components\\NavTabs.vue": {"path":"D:\\AllProjects\\Bcreation\\Lab\\widget-resa\\src\\components\\NavTabs.vue","statementMap":{"0":{"start":{"line":16,"column":0},"end":{"line":null,"column":-1}},"1":{"start":{"line":25,"column":0},"end":{"line":null,"column":-1}}},"fnMap":{"0":{"name":"data","decl":{"start":{"line":15,"column":0},"end":{"line":null,"column":-1}},"loc":{"start":{"line":15,"column":0},"end":{"line":17,"column":0}}},"1":{"name":"isCurrent","decl":{"start":{"line":24,"column":0},"end":{"line":null,"column":-1}},"loc":{"start":{"line":24,"column":0},"end":{"line":26,"column":0}}}},"branchMap":{},"s":{"0":1,"1":6},"f":{"0":1,"1":6},"b":{}}
,"D:\\AllProjects\\Bcreation\\Lab\\widget-resa\\src\\components\\WidgetComponent.vue": {"path":"D:\\AllProjects\\Bcreation\\Lab\\widget-resa\\src\\components\\WidgetComponent.vue","statementMap":{"0":{"start":{"line":13,"column":0},"end":{"line":null,"column":-1}},"1":{"start":{"line":14,"column":0},"end":{"line":null,"column":-1}},"2":{"start":{"line":24,"column":0},"end":{"line":null,"column":-1}},"3":{"start":{"line":37,"column":0},"end":{"line":null,"column":-1}}},"fnMap":{"0":{"name":"data","decl":{"start":{"line":23,"column":0},"end":{"line":null,"column":-1}},"loc":{"start":{"line":23,"column":0},"end":{"line":29,"column":0}}},"1":{"name":"goTab","decl":{"start":{"line":36,"column":0},"end":{"line":null,"column":-1}},"loc":{"start":{"line":36,"column":0},"end":{"line":38,"column":0}}}},"branchMap":{},"s":{"0":2,"1":2,"2":1,"3":1},"f":{"0":1,"1":1},"b":{}}
,"D:\\AllProjects\\Bcreation\\Lab\\widget-resa\\src\\components\\widget-tabs\\TicketingTab.vue": {"path":"D:\\AllProjects\\Bcreation\\Lab\\widget-resa\\src\\components\\widget-tabs\\TicketingTab.vue","statementMap":{"0":{"start":{"line":58,"column":0},"end":{"line":null,"column":-1}},"1":{"start":{"line":59,"column":0},"end":{"line":null,"column":-1}},"2":{"start":{"line":60,"column":0},"end":{"line":null,"column":-1}},"3":{"start":{"line":61,"column":0},"end":{"line":null,"column":-1}},"4":{"start":{"line":62,"column":0},"end":{"line":null,"column":-1}},"5":{"start":{"line":70,"column":0},"end":{"line":null,"column":-1}},"6":{"start":{"line":90,"column":0},"end":{"line":null,"column":-1}},"7":{"start":{"line":92,"column":0},"end":{"line":null,"column":-1}},"8":{"start":{"line":93,"column":0},"end":{"line":null,"column":-1}},"9":{"start":{"line":94,"column":0},"end":{"line":null,"column":-1}},"10":{"start":{"line":95,"column":0},"end":{"line":null,"column":-1}},"11":{"start":{"line":96,"column":0},"end":{"line":null,"column":-1}},"12":{"start":{"line":97,"column":0},"end":{"line":null,"column":-1}},"13":{"start":{"line":105,"column":0},"end":{"line":118,"column":0}},"14":{"start":{"line":107,"column":0},"end":{"line":111,"column":0}},"15":{"start":{"line":108,"column":0},"end":{"line":null,"column":-1}},"16":{"start":{"line":109,"column":0},"end":{"line":null,"column":-1}},"17":{"start":{"line":110,"column":0},"end":{"line":null,"column":-1}},"18":{"start":{"line":112,"column":0},"end":{"line":null,"column":-1}},"19":{"start":{"line":115,"column":0},"end":{"line":null,"column":-1}},"20":{"start":{"line":116,"column":0},"end":{"line":null,"column":-1}},"21":{"start":{"line":117,"column":0},"end":{"line":null,"column":-1}}},"fnMap":{"0":{"name":"data","decl":{"start":{"line":69,"column":0},"end":{"line":null,"column":-1}},"loc":{"start":{"line":69,"column":0},"end":{"line":88,"column":0}}},"1":{"name":"sendDatas","decl":{"start":{"line":90,"column":0},"end":{"line":null,"column":-1}},"loc":{"start":{"line":90,"column":0},"end":{"line":119,"column":0}}},"2":{"name":"(anonymous_3)","decl":{"start":{"line":105,"column":0},"end":{"line":null,"column":-1}},"loc":{"start":{"line":105,"column":0},"end":{"line":113,"column":0}}},"3":{"name":"(anonymous_4)","decl":{"start":{"line":113,"column":0},"end":{"line":null,"column":-1}},"loc":{"start":{"line":113,"column":0},"end":{"line":118,"column":0}}}},"branchMap":{"0":{"loc":{"start":{"line":81,"column":0},"end":{"line":null,"column":-1}},"type":"cond-expr","locations":[{"start":{"line":81,"column":0},"end":{"line":null,"column":-1}},{"start":{"line":81,"column":0},"end":{"line":null,"column":-1}}]},"1":{"loc":{"start":{"line":107,"column":0},"end":{"line":111,"column":0}},"type":"if","locations":[{"start":{"line":107,"column":0},"end":{"line":111,"column":0}},{"start":{"line":107,"column":0},"end":{"line":111,"column":0}}]},"2":{"loc":{"start":{"line":107,"column":0},"end":{"line":null,"column":-1}},"type":"binary-expr","locations":[{"start":{"line":107,"column":0},"end":{"line":null,"column":-1}},{"start":{"line":107,"column":0},"end":{"line":null,"column":-1}}]}},"s":{"0":3,"1":3,"2":3,"3":3,"4":3,"5":2,"6":3,"7":3,"8":3,"9":3,"10":3,"11":3,"12":3,"13":3,"14":2,"15":1,"16":1,"17":1,"18":1,"19":1,"20":1,"21":1},"f":{"0":2,"1":3,"2":2,"3":1},"b":{"0":[1,1],"1":[1,1],"2":[2,2]}}
,"D:\\AllProjects\\Bcreation\\Lab\\widget-resa\\src\\lib\\dateUtils.js": {"path":"D:\\AllProjects\\Bcreation\\Lab\\widget-resa\\src\\lib\\dateUtils.js","statementMap":{"0":{"start":{"line":7,"column":2},"end":{"line":9,"column":3}},"1":{"start":{"line":8,"column":4},"end":{"line":8,"column":21}},"2":{"start":{"line":10,"column":15},"end":{"line":10,"column":44}},"3":{"start":{"line":11,"column":16},"end":{"line":11,"column":73}},"4":{"start":{"line":12,"column":14},"end":{"line":12,"column":63}},"5":{"start":{"line":14,"column":2},"end":{"line":14,"column":27}},"6":{"start":{"line":23,"column":2},"end":{"line":25,"column":3}},"7":{"start":{"line":24,"column":4},"end":{"line":24,"column":21}},"8":{"start":{"line":26,"column":2},"end":{"line":28,"column":3}},"9":{"start":{"line":27,"column":4},"end":{"line":27,"column":18}},"10":{"start":{"line":29,"column":15},"end":{"line":29,"column":44}},"11":{"start":{"line":30,"column":16},"end":{"line":30,"column":73}},"12":{"start":{"line":31,"column":14},"end":{"line":31,"column":63}},"13":{"start":{"line":33,"column":2},"end":{"line":37,"column":3}},"14":{"start":{"line":34,"column":4},"end":{"line":34,"column":41}},"15":{"start":{"line":36,"column":4},"end":{"line":36,"column":41}}},"fnMap":{"0":{"name":"parseDateGAT","decl":{"start":{"line":6,"column":9},"end":{"line":6,"column":21}},"loc":{"start":{"line":6,"column":28},"end":{"line":15,"column":1}},"line":6},"1":{"name":"parseDateByCulture","decl":{"start":{"line":22,"column":9},"end":{"line":22,"column":27}},"loc":{"start":{"line":22,"column":43},"end":{"line":38,"column":1}},"line":22}},"branchMap":{"0":{"loc":{"start":{"line":7,"column":2},"end":{"line":9,"column":3}},"type":"if","locations":[{"start":{"line":7,"column":2},"end":{"line":9,"column":3}},{"start":{"line":7,"column":2},"end":{"line":9,"column":3}}],"line":7},"1":{"loc":{"start":{"line":11,"column":17},"end":{"line":11,"column":48}},"type":"cond-expr","locations":[{"start":{"line":11,"column":40},"end":{"line":11,"column":43}},{"start":{"line":11,"column":46},"end":{"line":11,"column":48}}],"line":11},"2":{"loc":{"start":{"line":12,"column":15},"end":{"line":12,"column":45}},"type":"cond-expr","locations":[{"start":{"line":12,"column":37},"end":{"line":12,"column":40}},{"start":{"line":12,"column":43},"end":{"line":12,"column":45}}],"line":12},"3":{"loc":{"start":{"line":23,"column":2},"end":{"line":25,"column":3}},"type":"if","locations":[{"start":{"line":23,"column":2},"end":{"line":25,"column":3}},{"start":{"line":23,"column":2},"end":{"line":25,"column":3}}],"line":23},"4":{"loc":{"start":{"line":26,"column":2},"end":{"line":28,"column":3}},"type":"if","locations":[{"start":{"line":26,"column":2},"end":{"line":28,"column":3}},{"start":{"line":26,"column":2},"end":{"line":28,"column":3}}],"line":26},"5":{"loc":{"start":{"line":30,"column":17},"end":{"line":30,"column":48}},"type":"cond-expr","locations":[{"start":{"line":30,"column":40},"end":{"line":30,"column":43}},{"start":{"line":30,"column":46},"end":{"line":30,"column":48}}],"line":30},"6":{"loc":{"start":{"line":31,"column":15},"end":{"line":31,"column":45}},"type":"cond-expr","locations":[{"start":{"line":31,"column":37},"end":{"line":31,"column":40}},{"start":{"line":31,"column":43},"end":{"line":31,"column":45}}],"line":31},"7":{"loc":{"start":{"line":33,"column":2},"end":{"line":37,"column":3}},"type":"if","locations":[{"start":{"line":33,"column":2},"end":{"line":37,"column":3}},{"start":{"line":33,"column":2},"end":{"line":37,"column":3}}],"line":33}},"s":{"0":8,"1":1,"2":8,"3":8,"4":8,"5":8,"6":2,"7":1,"8":2,"9":1,"10":2,"11":2,"12":2,"13":2,"14":1,"15":1},"f":{"0":8,"1":2},"b":{"0":[1,7],"1":[7,1],"2":[1,7],"3":[1,1],"4":[1,1],"5":[1,1],"6":[1,1],"7":[1,1]},"_coverageSchema":"332fd63041d2c1bcb487cc26dd0d5f7d97098a6c","hash":"6e0c1e3e1e4580a966c2b3acdf26548936b5e2b4"}
,"D:\\AllProjects\\Bcreation\\Lab\\widget-resa\\src\\lib\\globalUtils.js": {"path":"D:\\AllProjects\\Bcreation\\Lab\\widget-resa\\src\\lib\\globalUtils.js","statementMap":{"0":{"start":{"line":7,"column":2},"end":{"line":17,"column":3}},"1":{"start":{"line":8,"column":4},"end":{"line":10,"column":5}},"2":{"start":{"line":9,"column":6},"end":{"line":9,"column":72}},"3":{"start":{"line":9,"column":61},"end":{"line":9,"column":72}},"4":{"start":{"line":11,"column":4},"end":{"line":13,"column":5}},"5":{"start":{"line":12,"column":6},"end":{"line":12,"column":44}},"6":{"start":{"line":12,"column":33},"end":{"line":12,"column":44}},"7":{"start":{"line":14,"column":4},"end":{"line":16,"column":5}},"8":{"start":{"line":15,"column":6},"end":{"line":15,"column":64}},"9":{"start":{"line":15,"column":53},"end":{"line":15,"column":64}},"10":{"start":{"line":18,"column":2},"end":{"line":18,"column":14}},"11":{"start":{"line":27,"column":2},"end":{"line":29,"column":3}},"12":{"start":{"line":28,"column":4},"end":{"line":28,"column":44}},"13":{"start":{"line":30,"column":2},"end":{"line":30,"column":25}},"14":{"start":{"line":41,"column":2},"end":{"line":49,"column":3}},"15":{"start":{"line":42,"column":4},"end":{"line":46,"column":5}},"16":{"start":{"line":43,"column":6},"end":{"line":45,"column":7}},"17":{"start":{"line":44,"column":8},"end":{"line":44,"column":55}},"18":{"start":{"line":47,"column":4},"end":{"line":47,"column":59}},"19":{"start":{"line":48,"column":4},"end":{"line":48,"column":15}},"20":{"start":{"line":50,"column":2},"end":{"line":50,"column":13}}},"fnMap":{"0":{"name":"isEmpty","decl":{"start":{"line":6,"column":9},"end":{"line":6,"column":16}},"loc":{"start":{"line":6,"column":27},"end":{"line":19,"column":1}},"line":6},"1":{"name":"transformResponse","decl":{"start":{"line":26,"column":9},"end":{"line":26,"column":26}},"loc":{"start":{"line":26,"column":33},"end":{"line":31,"column":1}},"line":26},"2":{"name":"addTranslation","decl":{"start":{"line":39,"column":9},"end":{"line":39,"column":23}},"loc":{"start":{"line":39,"column":60},"end":{"line":51,"column":1}},"line":39}},"branchMap":{"0":{"loc":{"start":{"line":7,"column":2},"end":{"line":17,"column":3}},"type":"if","locations":[{"start":{"line":7,"column":2},"end":{"line":17,"column":3}},{"start":{"line":7,"column":2},"end":{"line":17,"column":3}}],"line":7},"1":{"loc":{"start":{"line":8,"column":4},"end":{"line":10,"column":5}},"type":"if","locations":[{"start":{"line":8,"column":4},"end":{"line":10,"column":5}},{"start":{"line":8,"column":4},"end":{"line":10,"column":5}}],"line":8},"2":{"loc":{"start":{"line":8,"column":8},"end":{"line":8,"column":66}},"type":"binary-expr","locations":[{"start":{"line":8,"column":8},"end":{"line":8,"column":34}},{"start":{"line":8,"column":38},"end":{"line":8,"column":66}}],"line":8},"3":{"loc":{"start":{"line":9,"column":6},"end":{"line":9,"column":72}},"type":"if","locations":[{"start":{"line":9,"column":6},"end":{"line":9,"column":72}},{"start":{"line":9,"column":6},"end":{"line":9,"column":72}}],"line":9},"4":{"loc":{"start":{"line":11,"column":4},"end":{"line":13,"column":5}},"type":"if","locations":[{"start":{"line":11,"column":4},"end":{"line":13,"column":5}},{"start":{"line":11,"column":4},"end":{"line":13,"column":5}}],"line":11},"5":{"loc":{"start":{"line":12,"column":6},"end":{"line":12,"column":44}},"type":"if","locations":[{"start":{"line":12,"column":6},"end":{"line":12,"column":44}},{"start":{"line":12,"column":6},"end":{"line":12,"column":44}}],"line":12},"6":{"loc":{"start":{"line":14,"column":4},"end":{"line":16,"column":5}},"type":"if","locations":[{"start":{"line":14,"column":4},"end":{"line":16,"column":5}},{"start":{"line":14,"column":4},"end":{"line":16,"column":5}}],"line":14},"7":{"loc":{"start":{"line":14,"column":8},"end":{"line":14,"column":69}},"type":"binary-expr","locations":[{"start":{"line":14,"column":8},"end":{"line":14,"column":37}},{"start":{"line":14,"column":41},"end":{"line":14,"column":69}}],"line":14},"8":{"loc":{"start":{"line":15,"column":6},"end":{"line":15,"column":64}},"type":"if","locations":[{"start":{"line":15,"column":6},"end":{"line":15,"column":64}},{"start":{"line":15,"column":6},"end":{"line":15,"column":64}}],"line":15},"9":{"loc":{"start":{"line":15,"column":10},"end":{"line":15,"column":51}},"type":"binary-expr","locations":[{"start":{"line":15,"column":10},"end":{"line":15,"column":19}},{"start":{"line":15,"column":23},"end":{"line":15,"column":51}}],"line":15},"10":{"loc":{"start":{"line":27,"column":2},"end":{"line":29,"column":3}},"type":"if","locations":[{"start":{"line":27,"column":2},"end":{"line":29,"column":3}},{"start":{"line":27,"column":2},"end":{"line":29,"column":3}}],"line":27},"11":{"loc":{"start":{"line":43,"column":6},"end":{"line":45,"column":7}},"type":"if","locations":[{"start":{"line":43,"column":6},"end":{"line":45,"column":7}},{"start":{"line":43,"column":6},"end":{"line":45,"column":7}}],"line":43}},"s":{"0":21,"1":12,"2":2,"3":1,"4":11,"5":2,"6":1,"7":10,"8":8,"9":5,"10":14,"11":2,"12":1,"13":2,"14":6,"15":5,"16":29,"17":1,"18":5,"19":5,"20":1},"f":{"0":21,"1":2,"2":6},"b":{"0":[12,9],"1":[2,10],"2":[12,4],"3":[1,1],"4":[2,9],"5":[1,1],"6":[8,2],"7":[10,8],"8":[5,3],"9":[8,4],"10":[1,1],"11":[1,28]},"_coverageSchema":"332fd63041d2c1bcb487cc26dd0d5f7d97098a6c","hash":"861c7c4b72cd0d7b59193ab2a24f376ba44e3645"}
}
