TN:
SF:D:\AllProjects\Bcreation\Lab\widget-resa\src\WidgetsWrapper.vue
FNF:0
FNH:0
DA:9,1
LF:1
LH:1
BRF:0
BRH:0
end_of_record
TN:
SF:D:\AllProjects\Bcreation\Lab\widget-resa\src\api\APITicketing.js
FN:3,getAvailableTicketing
FNF:1
FNH:1
FNDA:3,getAvailableTicketing
DA:4,3
LF:1
LH:1
BRF:0
BRH:0
end_of_record
TN:
SF:D:\AllProjects\Bcreation\Lab\widget-resa\src\assets\js\widget-options.js
FN:4,(anonymous_0)
FNF:1
FNH:1
FNDA:4,(anonymous_0)
DA:5,4
DA:6,4
DA:7,4
DA:8,4
DA:9,4
DA:10,4
DA:11,4
DA:12,4
DA:13,4
DA:14,4
DA:15,4
DA:16,4
DA:17,4
DA:18,4
DA:19,4
DA:20,4
DA:21,4
DA:22,4
DA:23,4
DA:24,4
DA:25,4
DA:26,4
DA:27,4
DA:28,4
DA:29,4
DA:30,4
DA:31,4
DA:32,4
DA:33,4
DA:34,4
DA:35,4
DA:36,4
LF:32
LH:32
BRF:0
BRH:0
end_of_record
TN:
SF:D:\AllProjects\Bcreation\Lab\widget-resa\src\assets\js\widget-translation.js
FNF:0
FNH:0
DA:2,4
LF:1
LH:1
BRF:0
BRH:0
end_of_record
TN:
SF:D:\AllProjects\Bcreation\Lab\widget-resa\src\assets\js\override-options\override-options.js
FNF:0
FNH:0
DA:5,4
DA:12,4
DA:14,4
DA:16,4
DA:18,4
DA:20,4
DA:22,4
DA:25,4
DA:28,4
DA:32,4
DA:34,4
LF:11
LH:11
BRF:0
BRH:0
end_of_record
TN:
SF:D:\AllProjects\Bcreation\Lab\widget-resa\src\assets\js\override-options\override-translation.js
FNF:0
FNH:0
DA:5,4
DA:24,4
LF:2
LH:2
BRF:0
BRH:0
end_of_record
TN:
SF:D:\AllProjects\Bcreation\Lab\widget-resa\src\components\NavTabs.vue
FN:15,data
FN:24,isCurrent
FNF:2
FNH:2
FNDA:1,data
FNDA:6,isCurrent
DA:16,1
DA:25,6
LF:2
LH:2
BRF:0
BRH:0
end_of_record
TN:
SF:D:\AllProjects\Bcreation\Lab\widget-resa\src\components\WidgetComponent.vue
FN:23,data
FN:36,goTab
FNF:2
FNH:2
FNDA:1,data
FNDA:1,goTab
DA:13,2
DA:14,2
DA:24,1
DA:37,1
LF:4
LH:4
BRF:0
BRH:0
end_of_record
TN:
SF:D:\AllProjects\Bcreation\Lab\widget-resa\src\components\widget-tabs\TicketingTab.vue
FN:69,data
FN:90,sendDatas
FN:105,(anonymous_3)
FN:113,(anonymous_4)
FNF:4
FNH:4
FNDA:2,data
FNDA:3,sendDatas
FNDA:2,(anonymous_3)
FNDA:1,(anonymous_4)
DA:58,3
DA:59,3
DA:60,3
DA:61,3
DA:62,3
DA:70,2
DA:90,3
DA:92,3
DA:93,3
DA:94,3
DA:95,3
DA:96,3
DA:97,3
DA:105,3
DA:107,2
DA:108,1
DA:109,1
DA:110,1
DA:112,1
DA:115,1
DA:116,1
DA:117,1
LF:22
LH:22
BRDA:81,0,0,1
BRDA:81,0,1,1
BRDA:107,1,0,1
BRDA:107,1,1,1
BRDA:107,2,0,2
BRDA:107,2,1,2
BRF:6
BRH:6
end_of_record
TN:
SF:D:\AllProjects\Bcreation\Lab\widget-resa\src\lib\dateUtils.js
FN:6,parseDateGAT
FN:22,parseDateByCulture
FNF:2
FNH:2
FNDA:8,parseDateGAT
FNDA:2,parseDateByCulture
DA:7,8
DA:8,1
DA:10,8
DA:11,8
DA:12,8
DA:14,8
DA:23,2
DA:24,1
DA:26,2
DA:27,1
DA:29,2
DA:30,2
DA:31,2
DA:33,2
DA:34,1
DA:36,1
LF:16
LH:16
BRDA:7,0,0,1
BRDA:7,0,1,7
BRDA:11,1,0,7
BRDA:11,1,1,1
BRDA:12,2,0,1
BRDA:12,2,1,7
BRDA:23,3,0,1
BRDA:23,3,1,1
BRDA:26,4,0,1
BRDA:26,4,1,1
BRDA:30,5,0,1
BRDA:30,5,1,1
BRDA:31,6,0,1
BRDA:31,6,1,1
BRDA:33,7,0,1
BRDA:33,7,1,1
BRF:16
BRH:16
end_of_record
TN:
SF:D:\AllProjects\Bcreation\Lab\widget-resa\src\lib\globalUtils.js
FN:6,isEmpty
FN:26,transformResponse
FN:39,addTranslation
FNF:3
FNH:3
FNDA:21,isEmpty
FNDA:2,transformResponse
FNDA:6,addTranslation
DA:7,21
DA:8,12
DA:9,2
DA:11,11
DA:12,2
DA:14,10
DA:15,8
DA:18,14
DA:27,2
DA:28,1
DA:30,2
DA:41,6
DA:42,5
DA:43,29
DA:44,1
DA:47,5
DA:48,5
DA:50,1
LF:18
LH:18
BRDA:7,0,0,12
BRDA:7,0,1,9
BRDA:8,1,0,2
BRDA:8,1,1,10
BRDA:8,2,0,12
BRDA:8,2,1,4
BRDA:9,3,0,1
BRDA:9,3,1,1
BRDA:11,4,0,2
BRDA:11,4,1,9
BRDA:12,5,0,1
BRDA:12,5,1,1
BRDA:14,6,0,8
BRDA:14,6,1,2
BRDA:14,7,0,10
BRDA:14,7,1,8
BRDA:15,8,0,5
BRDA:15,8,1,3
BRDA:15,9,0,8
BRDA:15,9,1,4
BRDA:27,10,0,1
BRDA:27,10,1,1
BRDA:43,11,0,1
BRDA:43,11,1,28
BRF:24
BRH:24
end_of_record
